24-07-12.15:10:54.756 [Thread-32       ] WARN  HttpClientManager      - [HttpClientBeanFactory] Start destroying NacosRestTemplate
24-07-12.15:10:54.831 [Thread-32       ] WARN  HttpClientManager      - [HttpClientBeanFactory] Destruction of the end
24-07-12.15:23:18.091 [main            ] WARN  ClassPathMapperScanner - Skipping MapperFactoryBean with name 'wordModuleDao' and 'org.example.domain.word.repository.WordModuleDao' mapperInterface. Bean already defined with the same name!
24-07-12.15:23:18.091 [main            ] WARN  ClassPathMapperScanner - Skipping MapperFactoryBean with name 'wordModuleFormatDao' and 'org.example.domain.word.repository.WordModuleFormatDao' mapperInterface. Bean already defined with the same name!
24-07-12.15:23:18.091 [main            ] WARN  ClassPathMapperScanner - Skipping MapperFactoryBean with name 'wordModuleMsgDao' and 'org.example.domain.word.repository.WordModuleMsgDao' mapperInterface. Bean already defined with the same name!
24-07-12.15:23:18.091 [main            ] WARN  ClassPathMapperScanner - No MyBatis mapper was found in '[org.example.domain.word.repository]' package. Please check your configuration.
24-07-12.15:31:10.916 [Thread-37       ] WARN  HttpClientManager      - [HttpClientBeanFactory] Start destroying NacosRestTemplate
24-07-12.15:31:10.920 [Thread-37       ] WARN  HttpClientManager      - [HttpClientBeanFactory] Destruction of the end
24-07-12.15:31:29.666 [main            ] WARN  ClassPathMapperScanner - Skipping MapperFactoryBean with name 'wordModuleDao' and 'org.example.domain.word.repository.WordModuleDao' mapperInterface. Bean already defined with the same name!
24-07-12.15:31:29.667 [main            ] WARN  ClassPathMapperScanner - Skipping MapperFactoryBean with name 'wordModuleFormatDao' and 'org.example.domain.word.repository.WordModuleFormatDao' mapperInterface. Bean already defined with the same name!
24-07-12.15:31:29.667 [main            ] WARN  ClassPathMapperScanner - Skipping MapperFactoryBean with name 'wordModuleMsgDao' and 'org.example.domain.word.repository.WordModuleMsgDao' mapperInterface. Bean already defined with the same name!
24-07-12.15:31:29.667 [main            ] WARN  ClassPathMapperScanner - No MyBatis mapper was found in '[org.example.domain.word.repository]' package. Please check your configuration.
24-07-12.15:32:19.548 [http-nio-8091-exec-1] ERROR [dispatcherServlet]    - Servlet.service() for servlet [dispatcherServlet] in context with path [] threw exception [Request processing failed; nested exception is org.apache.ibatis.binding.BindingException: Invalid bound statement (not found): org.example.domain.word.repository.WordModuleDao.queryById] with root cause
org.apache.ibatis.binding.BindingException: Invalid bound statement (not found): org.example.domain.word.repository.WordModuleDao.queryById
	at org.apache.ibatis.binding.MapperMethod$SqlCommand.<init>(MapperMethod.java:235)
	at com.baomidou.mybatisplus.core.override.MybatisMapperMethod.<init>(MybatisMapperMethod.java:50)
	at com.baomidou.mybatisplus.core.override.MybatisMapperProxy.lambda$cachedMapperMethod$0(MybatisMapperProxy.java:101)
	at java.util.concurrent.ConcurrentHashMap.computeIfAbsent(ConcurrentHashMap.java:1660)
	at com.baomidou.mybatisplus.core.override.MybatisMapperProxy.cachedMapperMethod(MybatisMapperProxy.java:100)
	at com.baomidou.mybatisplus.core.override.MybatisMapperProxy.invoke(MybatisMapperProxy.java:95)
	at com.sun.proxy.$Proxy110.queryById(Unknown Source)
	at org.example.domain.word.service.impl.WordModuleServiceImpl.queryById(WordModuleServiceImpl.java:44)
	at org.example.domain.word.service.impl.WordModuleServiceImpl$$FastClassBySpringCGLIB$$5e47f572.invoke(<generated>)
	at org.springframework.cglib.proxy.MethodProxy.invoke(MethodProxy.java:218)
	at org.springframework.aop.framework.CglibAopProxy.invokeMethod(CglibAopProxy.java:386)
	at org.springframework.aop.framework.CglibAopProxy.access$000(CglibAopProxy.java:85)
	at org.springframework.aop.framework.CglibAopProxy$DynamicAdvisedInterceptor.intercept(CglibAopProxy.java:704)
	at org.example.domain.word.service.impl.WordModuleServiceImpl$$EnhancerBySpringCGLIB$$9cd937fc.queryById(<generated>)
	at org.example.trigger.http.WordModuleController.queryById(WordModuleController.java:38)
	at sun.reflect.NativeMethodAccessorImpl.invoke0(Native Method)
	at sun.reflect.NativeMethodAccessorImpl.invoke(NativeMethodAccessorImpl.java:62)
	at sun.reflect.DelegatingMethodAccessorImpl.invoke(DelegatingMethodAccessorImpl.java:43)
	at java.lang.reflect.Method.invoke(Method.java:498)
	at org.springframework.web.method.support.InvocableHandlerMethod.doInvoke(InvocableHandlerMethod.java:205)
	at org.springframework.web.method.support.InvocableHandlerMethod.invokeForRequest(InvocableHandlerMethod.java:150)
	at org.springframework.web.servlet.mvc.method.annotation.ServletInvocableHandlerMethod.invokeAndHandle(ServletInvocableHandlerMethod.java:117)
	at org.springframework.web.servlet.mvc.method.annotation.RequestMappingHandlerAdapter.invokeHandlerMethod(RequestMappingHandlerAdapter.java:895)
	at org.springframework.web.servlet.mvc.method.annotation.RequestMappingHandlerAdapter.handleInternal(RequestMappingHandlerAdapter.java:808)
	at org.springframework.web.servlet.mvc.method.AbstractHandlerMethodAdapter.handle(AbstractHandlerMethodAdapter.java:87)
	at org.springframework.web.servlet.DispatcherServlet.doDispatch(DispatcherServlet.java:1072)
	at org.springframework.web.servlet.DispatcherServlet.doService(DispatcherServlet.java:965)
	at org.springframework.web.servlet.FrameworkServlet.processRequest(FrameworkServlet.java:1006)
	at org.springframework.web.servlet.FrameworkServlet.doPost(FrameworkServlet.java:909)
	at javax.servlet.http.HttpServlet.service(HttpServlet.java:555)
	at org.springframework.web.servlet.FrameworkServlet.service(FrameworkServlet.java:883)
	at javax.servlet.http.HttpServlet.service(HttpServlet.java:623)
	at org.apache.catalina.core.ApplicationFilterChain.internalDoFilter(ApplicationFilterChain.java:209)
	at org.apache.catalina.core.ApplicationFilterChain.doFilter(ApplicationFilterChain.java:153)
	at org.apache.tomcat.websocket.server.WsFilter.doFilter(WsFilter.java:51)
	at org.apache.catalina.core.ApplicationFilterChain.internalDoFilter(ApplicationFilterChain.java:178)
	at org.apache.catalina.core.ApplicationFilterChain.doFilter(ApplicationFilterChain.java:153)
	at org.springframework.web.filter.RequestContextFilter.doFilterInternal(RequestContextFilter.java:100)
	at org.springframework.web.filter.OncePerRequestFilter.doFilter(OncePerRequestFilter.java:117)
	at org.apache.catalina.core.ApplicationFilterChain.internalDoFilter(ApplicationFilterChain.java:178)
	at org.apache.catalina.core.ApplicationFilterChain.doFilter(ApplicationFilterChain.java:153)
	at org.springframework.web.filter.FormContentFilter.doFilterInternal(FormContentFilter.java:93)
	at org.springframework.web.filter.OncePerRequestFilter.doFilter(OncePerRequestFilter.java:117)
	at org.apache.catalina.core.ApplicationFilterChain.internalDoFilter(ApplicationFilterChain.java:178)
	at org.apache.catalina.core.ApplicationFilterChain.doFilter(ApplicationFilterChain.java:153)
	at org.springframework.boot.actuate.metrics.web.servlet.WebMvcMetricsFilter.doFilterInternal(WebMvcMetricsFilter.java:96)
	at org.springframework.web.filter.OncePerRequestFilter.doFilter(OncePerRequestFilter.java:117)
	at org.apache.catalina.core.ApplicationFilterChain.internalDoFilter(ApplicationFilterChain.java:178)
	at org.apache.catalina.core.ApplicationFilterChain.doFilter(ApplicationFilterChain.java:153)
	at org.springframework.web.filter.CharacterEncodingFilter.doFilterInternal(CharacterEncodingFilter.java:201)
	at org.springframework.web.filter.OncePerRequestFilter.doFilter(OncePerRequestFilter.java:117)
	at org.apache.catalina.core.ApplicationFilterChain.internalDoFilter(ApplicationFilterChain.java:178)
	at org.apache.catalina.core.ApplicationFilterChain.doFilter(ApplicationFilterChain.java:153)
	at org.apache.catalina.core.StandardWrapperValve.invoke(StandardWrapperValve.java:167)
	at org.apache.catalina.core.StandardContextValve.invoke(StandardContextValve.java:90)
	at org.apache.catalina.authenticator.AuthenticatorBase.invoke(AuthenticatorBase.java:481)
	at org.apache.catalina.core.StandardHostValve.invoke(StandardHostValve.java:130)
	at org.apache.catalina.valves.ErrorReportValve.invoke(ErrorReportValve.java:93)
	at org.apache.catalina.core.StandardEngineValve.invoke(StandardEngineValve.java:74)
	at org.apache.catalina.connector.CoyoteAdapter.service(CoyoteAdapter.java:343)
	at org.apache.coyote.http11.Http11Processor.service(Http11Processor.java:390)
	at org.apache.coyote.AbstractProcessorLight.process(AbstractProcessorLight.java:63)
	at org.apache.coyote.AbstractProtocol$ConnectionHandler.process(AbstractProtocol.java:926)
	at org.apache.tomcat.util.net.NioEndpoint$SocketProcessor.doRun(NioEndpoint.java:1791)
	at org.apache.tomcat.util.net.SocketProcessorBase.run(SocketProcessorBase.java:52)
	at org.apache.tomcat.util.threads.ThreadPoolExecutor.runWorker(ThreadPoolExecutor.java:1191)
	at org.apache.tomcat.util.threads.ThreadPoolExecutor$Worker.run(ThreadPoolExecutor.java:659)
	at org.apache.tomcat.util.threads.TaskThread$WrappingRunnable.run(TaskThread.java:61)
	at java.lang.Thread.run(Thread.java:748)
24-07-12.15:34:46.025 [Thread-34       ] WARN  HttpClientManager      - [HttpClientBeanFactory] Start destroying NacosRestTemplate
24-07-12.15:34:46.027 [Thread-34       ] WARN  HttpClientManager      - [HttpClientBeanFactory] Destruction of the end
24-07-12.15:35:03.773 [main            ] WARN  ClassPathMapperScanner - Skipping MapperFactoryBean with name 'wordModuleDao' and 'org.example.domain.word.repository.WordModuleDao' mapperInterface. Bean already defined with the same name!
24-07-12.15:35:03.773 [main            ] WARN  ClassPathMapperScanner - Skipping MapperFactoryBean with name 'wordModuleFormatDao' and 'org.example.domain.word.repository.WordModuleFormatDao' mapperInterface. Bean already defined with the same name!
24-07-12.15:35:03.773 [main            ] WARN  ClassPathMapperScanner - Skipping MapperFactoryBean with name 'wordModuleMsgDao' and 'org.example.domain.word.repository.WordModuleMsgDao' mapperInterface. Bean already defined with the same name!
24-07-12.15:35:03.773 [main            ] WARN  ClassPathMapperScanner - No MyBatis mapper was found in '[org.example.domain.word.repository]' package. Please check your configuration.
24-07-12.15:35:14.959 [http-nio-8091-exec-4] ERROR [dispatcherServlet]    - Servlet.service() for servlet [dispatcherServlet] in context with path [] threw exception [Request processing failed; nested exception is org.apache.ibatis.binding.BindingException: Invalid bound statement (not found): org.example.domain.word.repository.WordModuleDao.queryById] with root cause
org.apache.ibatis.binding.BindingException: Invalid bound statement (not found): org.example.domain.word.repository.WordModuleDao.queryById
	at org.apache.ibatis.binding.MapperMethod$SqlCommand.<init>(MapperMethod.java:235)
	at com.baomidou.mybatisplus.core.override.MybatisMapperMethod.<init>(MybatisMapperMethod.java:50)
	at com.baomidou.mybatisplus.core.override.MybatisMapperProxy.lambda$cachedMapperMethod$0(MybatisMapperProxy.java:101)
	at java.util.concurrent.ConcurrentHashMap.computeIfAbsent(ConcurrentHashMap.java:1660)
	at com.baomidou.mybatisplus.core.override.MybatisMapperProxy.cachedMapperMethod(MybatisMapperProxy.java:100)
	at com.baomidou.mybatisplus.core.override.MybatisMapperProxy.invoke(MybatisMapperProxy.java:95)
	at com.sun.proxy.$Proxy110.queryById(Unknown Source)
	at org.example.domain.word.service.impl.WordModuleServiceImpl.queryById(WordModuleServiceImpl.java:44)
	at org.example.domain.word.service.impl.WordModuleServiceImpl$$FastClassBySpringCGLIB$$5e47f572.invoke(<generated>)
	at org.springframework.cglib.proxy.MethodProxy.invoke(MethodProxy.java:218)
	at org.springframework.aop.framework.CglibAopProxy.invokeMethod(CglibAopProxy.java:386)
	at org.springframework.aop.framework.CglibAopProxy.access$000(CglibAopProxy.java:85)
	at org.springframework.aop.framework.CglibAopProxy$DynamicAdvisedInterceptor.intercept(CglibAopProxy.java:704)
	at org.example.domain.word.service.impl.WordModuleServiceImpl$$EnhancerBySpringCGLIB$$8008f407.queryById(<generated>)
	at org.example.trigger.http.WordModuleController.queryById(WordModuleController.java:38)
	at sun.reflect.NativeMethodAccessorImpl.invoke0(Native Method)
	at sun.reflect.NativeMethodAccessorImpl.invoke(NativeMethodAccessorImpl.java:62)
	at sun.reflect.DelegatingMethodAccessorImpl.invoke(DelegatingMethodAccessorImpl.java:43)
	at java.lang.reflect.Method.invoke(Method.java:498)
	at org.springframework.web.method.support.InvocableHandlerMethod.doInvoke(InvocableHandlerMethod.java:205)
	at org.springframework.web.method.support.InvocableHandlerMethod.invokeForRequest(InvocableHandlerMethod.java:150)
	at org.springframework.web.servlet.mvc.method.annotation.ServletInvocableHandlerMethod.invokeAndHandle(ServletInvocableHandlerMethod.java:117)
	at org.springframework.web.servlet.mvc.method.annotation.RequestMappingHandlerAdapter.invokeHandlerMethod(RequestMappingHandlerAdapter.java:895)
	at org.springframework.web.servlet.mvc.method.annotation.RequestMappingHandlerAdapter.handleInternal(RequestMappingHandlerAdapter.java:808)
	at org.springframework.web.servlet.mvc.method.AbstractHandlerMethodAdapter.handle(AbstractHandlerMethodAdapter.java:87)
	at org.springframework.web.servlet.DispatcherServlet.doDispatch(DispatcherServlet.java:1072)
	at org.springframework.web.servlet.DispatcherServlet.doService(DispatcherServlet.java:965)
	at org.springframework.web.servlet.FrameworkServlet.processRequest(FrameworkServlet.java:1006)
	at org.springframework.web.servlet.FrameworkServlet.doPost(FrameworkServlet.java:909)
	at javax.servlet.http.HttpServlet.service(HttpServlet.java:555)
	at org.springframework.web.servlet.FrameworkServlet.service(FrameworkServlet.java:883)
	at javax.servlet.http.HttpServlet.service(HttpServlet.java:623)
	at org.apache.catalina.core.ApplicationFilterChain.internalDoFilter(ApplicationFilterChain.java:209)
	at org.apache.catalina.core.ApplicationFilterChain.doFilter(ApplicationFilterChain.java:153)
	at org.apache.tomcat.websocket.server.WsFilter.doFilter(WsFilter.java:51)
	at org.apache.catalina.core.ApplicationFilterChain.internalDoFilter(ApplicationFilterChain.java:178)
	at org.apache.catalina.core.ApplicationFilterChain.doFilter(ApplicationFilterChain.java:153)
	at org.springframework.web.filter.RequestContextFilter.doFilterInternal(RequestContextFilter.java:100)
	at org.springframework.web.filter.OncePerRequestFilter.doFilter(OncePerRequestFilter.java:117)
	at org.apache.catalina.core.ApplicationFilterChain.internalDoFilter(ApplicationFilterChain.java:178)
	at org.apache.catalina.core.ApplicationFilterChain.doFilter(ApplicationFilterChain.java:153)
	at org.springframework.web.filter.FormContentFilter.doFilterInternal(FormContentFilter.java:93)
	at org.springframework.web.filter.OncePerRequestFilter.doFilter(OncePerRequestFilter.java:117)
	at org.apache.catalina.core.ApplicationFilterChain.internalDoFilter(ApplicationFilterChain.java:178)
	at org.apache.catalina.core.ApplicationFilterChain.doFilter(ApplicationFilterChain.java:153)
	at org.springframework.boot.actuate.metrics.web.servlet.WebMvcMetricsFilter.doFilterInternal(WebMvcMetricsFilter.java:96)
	at org.springframework.web.filter.OncePerRequestFilter.doFilter(OncePerRequestFilter.java:117)
	at org.apache.catalina.core.ApplicationFilterChain.internalDoFilter(ApplicationFilterChain.java:178)
	at org.apache.catalina.core.ApplicationFilterChain.doFilter(ApplicationFilterChain.java:153)
	at org.springframework.web.filter.CharacterEncodingFilter.doFilterInternal(CharacterEncodingFilter.java:201)
	at org.springframework.web.filter.OncePerRequestFilter.doFilter(OncePerRequestFilter.java:117)
	at org.apache.catalina.core.ApplicationFilterChain.internalDoFilter(ApplicationFilterChain.java:178)
	at org.apache.catalina.core.ApplicationFilterChain.doFilter(ApplicationFilterChain.java:153)
	at org.apache.catalina.core.StandardWrapperValve.invoke(StandardWrapperValve.java:167)
	at org.apache.catalina.core.StandardContextValve.invoke(StandardContextValve.java:90)
	at org.apache.catalina.authenticator.AuthenticatorBase.invoke(AuthenticatorBase.java:481)
	at org.apache.catalina.core.StandardHostValve.invoke(StandardHostValve.java:130)
	at org.apache.catalina.valves.ErrorReportValve.invoke(ErrorReportValve.java:93)
	at org.apache.catalina.core.StandardEngineValve.invoke(StandardEngineValve.java:74)
	at org.apache.catalina.connector.CoyoteAdapter.service(CoyoteAdapter.java:343)
	at org.apache.coyote.http11.Http11Processor.service(Http11Processor.java:390)
	at org.apache.coyote.AbstractProcessorLight.process(AbstractProcessorLight.java:63)
	at org.apache.coyote.AbstractProtocol$ConnectionHandler.process(AbstractProtocol.java:926)
	at org.apache.tomcat.util.net.NioEndpoint$SocketProcessor.doRun(NioEndpoint.java:1791)
	at org.apache.tomcat.util.net.SocketProcessorBase.run(SocketProcessorBase.java:52)
	at org.apache.tomcat.util.threads.ThreadPoolExecutor.runWorker(ThreadPoolExecutor.java:1191)
	at org.apache.tomcat.util.threads.ThreadPoolExecutor$Worker.run(ThreadPoolExecutor.java:659)
	at org.apache.tomcat.util.threads.TaskThread$WrappingRunnable.run(TaskThread.java:61)
	at java.lang.Thread.run(Thread.java:748)
24-07-12.15:39:22.481 [Thread-32       ] WARN  HttpClientManager      - [HttpClientBeanFactory] Start destroying NacosRestTemplate
24-07-12.15:39:22.484 [Thread-32       ] WARN  HttpClientManager      - [HttpClientBeanFactory] Destruction of the end
24-07-12.15:39:32.451 [main            ] WARN  ClassPathMapperScanner - Skipping MapperFactoryBean with name 'wordModuleDao' and 'org.example.domain.word.repository.WordModuleDao' mapperInterface. Bean already defined with the same name!
24-07-12.15:39:32.451 [main            ] WARN  ClassPathMapperScanner - Skipping MapperFactoryBean with name 'wordModuleFormatDao' and 'org.example.domain.word.repository.WordModuleFormatDao' mapperInterface. Bean already defined with the same name!
24-07-12.15:39:32.451 [main            ] WARN  ClassPathMapperScanner - Skipping MapperFactoryBean with name 'wordModuleMsgDao' and 'org.example.domain.word.repository.WordModuleMsgDao' mapperInterface. Bean already defined with the same name!
24-07-12.15:39:32.451 [main            ] WARN  ClassPathMapperScanner - No MyBatis mapper was found in '[org.example.domain.word.repository]' package. Please check your configuration.
24-07-12.15:39:56.311 [http-nio-8091-exec-4] ERROR [dispatcherServlet]    - Servlet.service() for servlet [dispatcherServlet] in context with path [] threw exception [Request processing failed; nested exception is org.apache.ibatis.binding.BindingException: Invalid bound statement (not found): org.example.domain.word.repository.WordModuleDao.queryById] with root cause
org.apache.ibatis.binding.BindingException: Invalid bound statement (not found): org.example.domain.word.repository.WordModuleDao.queryById
	at org.apache.ibatis.binding.MapperMethod$SqlCommand.<init>(MapperMethod.java:235)
	at com.baomidou.mybatisplus.core.override.MybatisMapperMethod.<init>(MybatisMapperMethod.java:50)
	at com.baomidou.mybatisplus.core.override.MybatisMapperProxy.lambda$cachedMapperMethod$0(MybatisMapperProxy.java:101)
	at java.util.concurrent.ConcurrentHashMap.computeIfAbsent(ConcurrentHashMap.java:1660)
	at com.baomidou.mybatisplus.core.override.MybatisMapperProxy.cachedMapperMethod(MybatisMapperProxy.java:100)
	at com.baomidou.mybatisplus.core.override.MybatisMapperProxy.invoke(MybatisMapperProxy.java:95)
	at com.sun.proxy.$Proxy110.queryById(Unknown Source)
	at org.example.domain.word.service.impl.WordModuleServiceImpl.queryById(WordModuleServiceImpl.java:44)
	at org.example.domain.word.service.impl.WordModuleServiceImpl$$FastClassBySpringCGLIB$$5e47f572.invoke(<generated>)
	at org.springframework.cglib.proxy.MethodProxy.invoke(MethodProxy.java:218)
	at org.springframework.aop.framework.CglibAopProxy.invokeMethod(CglibAopProxy.java:386)
	at org.springframework.aop.framework.CglibAopProxy.access$000(CglibAopProxy.java:85)
	at org.springframework.aop.framework.CglibAopProxy$DynamicAdvisedInterceptor.intercept(CglibAopProxy.java:704)
	at org.example.domain.word.service.impl.WordModuleServiceImpl$$EnhancerBySpringCGLIB$$64a55109.queryById(<generated>)
	at org.example.trigger.http.WordModuleController.queryById(WordModuleController.java:38)
	at sun.reflect.NativeMethodAccessorImpl.invoke0(Native Method)
	at sun.reflect.NativeMethodAccessorImpl.invoke(NativeMethodAccessorImpl.java:62)
	at sun.reflect.DelegatingMethodAccessorImpl.invoke(DelegatingMethodAccessorImpl.java:43)
	at java.lang.reflect.Method.invoke(Method.java:498)
	at org.springframework.web.method.support.InvocableHandlerMethod.doInvoke(InvocableHandlerMethod.java:205)
	at org.springframework.web.method.support.InvocableHandlerMethod.invokeForRequest(InvocableHandlerMethod.java:150)
	at org.springframework.web.servlet.mvc.method.annotation.ServletInvocableHandlerMethod.invokeAndHandle(ServletInvocableHandlerMethod.java:117)
	at org.springframework.web.servlet.mvc.method.annotation.RequestMappingHandlerAdapter.invokeHandlerMethod(RequestMappingHandlerAdapter.java:895)
	at org.springframework.web.servlet.mvc.method.annotation.RequestMappingHandlerAdapter.handleInternal(RequestMappingHandlerAdapter.java:808)
	at org.springframework.web.servlet.mvc.method.AbstractHandlerMethodAdapter.handle(AbstractHandlerMethodAdapter.java:87)
	at org.springframework.web.servlet.DispatcherServlet.doDispatch(DispatcherServlet.java:1072)
	at org.springframework.web.servlet.DispatcherServlet.doService(DispatcherServlet.java:965)
	at org.springframework.web.servlet.FrameworkServlet.processRequest(FrameworkServlet.java:1006)
	at org.springframework.web.servlet.FrameworkServlet.doPost(FrameworkServlet.java:909)
	at javax.servlet.http.HttpServlet.service(HttpServlet.java:555)
	at org.springframework.web.servlet.FrameworkServlet.service(FrameworkServlet.java:883)
	at javax.servlet.http.HttpServlet.service(HttpServlet.java:623)
	at org.apache.catalina.core.ApplicationFilterChain.internalDoFilter(ApplicationFilterChain.java:209)
	at org.apache.catalina.core.ApplicationFilterChain.doFilter(ApplicationFilterChain.java:153)
	at org.apache.tomcat.websocket.server.WsFilter.doFilter(WsFilter.java:51)
	at org.apache.catalina.core.ApplicationFilterChain.internalDoFilter(ApplicationFilterChain.java:178)
	at org.apache.catalina.core.ApplicationFilterChain.doFilter(ApplicationFilterChain.java:153)
	at org.springframework.web.filter.RequestContextFilter.doFilterInternal(RequestContextFilter.java:100)
	at org.springframework.web.filter.OncePerRequestFilter.doFilter(OncePerRequestFilter.java:117)
	at org.apache.catalina.core.ApplicationFilterChain.internalDoFilter(ApplicationFilterChain.java:178)
	at org.apache.catalina.core.ApplicationFilterChain.doFilter(ApplicationFilterChain.java:153)
	at org.springframework.web.filter.FormContentFilter.doFilterInternal(FormContentFilter.java:93)
	at org.springframework.web.filter.OncePerRequestFilter.doFilter(OncePerRequestFilter.java:117)
	at org.apache.catalina.core.ApplicationFilterChain.internalDoFilter(ApplicationFilterChain.java:178)
	at org.apache.catalina.core.ApplicationFilterChain.doFilter(ApplicationFilterChain.java:153)
	at org.springframework.boot.actuate.metrics.web.servlet.WebMvcMetricsFilter.doFilterInternal(WebMvcMetricsFilter.java:96)
	at org.springframework.web.filter.OncePerRequestFilter.doFilter(OncePerRequestFilter.java:117)
	at org.apache.catalina.core.ApplicationFilterChain.internalDoFilter(ApplicationFilterChain.java:178)
	at org.apache.catalina.core.ApplicationFilterChain.doFilter(ApplicationFilterChain.java:153)
	at org.springframework.web.filter.CharacterEncodingFilter.doFilterInternal(CharacterEncodingFilter.java:201)
	at org.springframework.web.filter.OncePerRequestFilter.doFilter(OncePerRequestFilter.java:117)
	at org.apache.catalina.core.ApplicationFilterChain.internalDoFilter(ApplicationFilterChain.java:178)
	at org.apache.catalina.core.ApplicationFilterChain.doFilter(ApplicationFilterChain.java:153)
	at org.apache.catalina.core.StandardWrapperValve.invoke(StandardWrapperValve.java:167)
	at org.apache.catalina.core.StandardContextValve.invoke(StandardContextValve.java:90)
	at org.apache.catalina.authenticator.AuthenticatorBase.invoke(AuthenticatorBase.java:481)
	at org.apache.catalina.core.StandardHostValve.invoke(StandardHostValve.java:130)
	at org.apache.catalina.valves.ErrorReportValve.invoke(ErrorReportValve.java:93)
	at org.apache.catalina.core.StandardEngineValve.invoke(StandardEngineValve.java:74)
	at org.apache.catalina.connector.CoyoteAdapter.service(CoyoteAdapter.java:343)
	at org.apache.coyote.http11.Http11Processor.service(Http11Processor.java:390)
	at org.apache.coyote.AbstractProcessorLight.process(AbstractProcessorLight.java:63)
	at org.apache.coyote.AbstractProtocol$ConnectionHandler.process(AbstractProtocol.java:926)
	at org.apache.tomcat.util.net.NioEndpoint$SocketProcessor.doRun(NioEndpoint.java:1791)
	at org.apache.tomcat.util.net.SocketProcessorBase.run(SocketProcessorBase.java:52)
	at org.apache.tomcat.util.threads.ThreadPoolExecutor.runWorker(ThreadPoolExecutor.java:1191)
	at org.apache.tomcat.util.threads.ThreadPoolExecutor$Worker.run(ThreadPoolExecutor.java:659)
	at org.apache.tomcat.util.threads.TaskThread$WrappingRunnable.run(TaskThread.java:61)
	at java.lang.Thread.run(Thread.java:748)
24-07-12.15:42:54.735 [redisson-netty-2-5] ERROR ErrorsLoggingHandler   - Exception occured. Channel: [id: 0xa6007be8, L:/192.168.5.185:64604 - R:150.158.143.191/150.158.143.191:6379]
java.io.IOException: 远程主机强迫关闭了一个现有的连接。
	at sun.nio.ch.SocketDispatcher.read0(Native Method)
	at sun.nio.ch.SocketDispatcher.read(SocketDispatcher.java:43)
	at sun.nio.ch.IOUtil.readIntoNativeBuffer(IOUtil.java:223)
	at sun.nio.ch.IOUtil.read(IOUtil.java:192)
	at sun.nio.ch.SocketChannelImpl.read(SocketChannelImpl.java:380)
	at io.netty.buffer.PooledByteBuf.setBytes(PooledByteBuf.java:256)
	at io.netty.buffer.AbstractByteBuf.writeBytes(AbstractByteBuf.java:1132)
	at io.netty.channel.socket.nio.NioSocketChannel.doReadBytes(NioSocketChannel.java:357)
	at io.netty.channel.nio.AbstractNioByteChannel$NioByteUnsafe.read(AbstractNioByteChannel.java:151)
	at io.netty.channel.nio.NioEventLoop.processSelectedKey(NioEventLoop.java:788)
	at io.netty.channel.nio.NioEventLoop.processSelectedKeysOptimized(NioEventLoop.java:724)
	at io.netty.channel.nio.NioEventLoop.processSelectedKeys(NioEventLoop.java:650)
	at io.netty.channel.nio.NioEventLoop.run(NioEventLoop.java:562)
	at io.netty.util.concurrent.SingleThreadEventExecutor$4.run(SingleThreadEventExecutor.java:997)
	at io.netty.util.internal.ThreadExecutorMap$2.run(ThreadExecutorMap.java:74)
	at io.netty.util.concurrent.FastThreadLocalRunnable.run(FastThreadLocalRunnable.java:30)
	at java.lang.Thread.run(Thread.java:748)
24-07-12.15:43:01.307 [Thread-32       ] WARN  HttpClientManager      - [HttpClientBeanFactory] Start destroying NacosRestTemplate
24-07-12.15:43:01.310 [Thread-32       ] WARN  HttpClientManager      - [HttpClientBeanFactory] Destruction of the end
24-07-12.15:43:25.247 [main            ] WARN  ClassPathMapperScanner - Skipping MapperFactoryBean with name 'wordModuleDao' and 'org.example.domain.word.repository.WordModuleDao' mapperInterface. Bean already defined with the same name!
24-07-12.15:43:25.247 [main            ] WARN  ClassPathMapperScanner - Skipping MapperFactoryBean with name 'wordModuleFormatDao' and 'org.example.domain.word.repository.WordModuleFormatDao' mapperInterface. Bean already defined with the same name!
24-07-12.15:43:25.247 [main            ] WARN  ClassPathMapperScanner - Skipping MapperFactoryBean with name 'wordModuleMsgDao' and 'org.example.domain.word.repository.WordModuleMsgDao' mapperInterface. Bean already defined with the same name!
24-07-12.15:43:25.247 [main            ] WARN  ClassPathMapperScanner - No MyBatis mapper was found in '[org.example.domain.word.repository]' package. Please check your configuration.
24-07-12.15:43:36.925 [http-nio-8091-exec-4] ERROR [dispatcherServlet]    - Servlet.service() for servlet [dispatcherServlet] in context with path [] threw exception [Request processing failed; nested exception is org.apache.ibatis.builder.IncompleteElementException: Could not find result map 'org.example.domain.word.model.entity.WordModuleMsgPo' referenced from 'org.example.domain.word.repository.WordModuleDao.getMsgByModuleId'] with root cause
java.lang.IllegalArgumentException: Result Maps collection does not contain value for org.example.domain.word.model.entity.WordModuleMsgPo
	at org.apache.ibatis.session.Configuration$StrictMap.get(Configuration.java:1031)
	at org.apache.ibatis.session.Configuration.getResultMap(Configuration.java:740)
	at org.apache.ibatis.builder.MapperBuilderAssistant.getStatementResultMaps(MapperBuilderAssistant.java:394)
	at org.apache.ibatis.builder.MapperBuilderAssistant.addMappedStatement(MapperBuilderAssistant.java:285)
	at org.apache.ibatis.builder.xml.XMLStatementBuilder.parseStatementNode(XMLStatementBuilder.java:113)
	at org.apache.ibatis.session.Configuration.lambda$buildAllStatements$2(Configuration.java:882)
	at java.util.Collection.removeIf(Collection.java:414)
	at org.apache.ibatis.session.Configuration.buildAllStatements(Configuration.java:881)
	at org.apache.ibatis.session.Configuration.hasStatement(Configuration.java:858)
	at org.apache.ibatis.session.Configuration.hasStatement(Configuration.java:853)
	at org.apache.ibatis.binding.MapperMethod$SqlCommand.resolveMappedStatement(MapperMethod.java:257)
	at org.apache.ibatis.binding.MapperMethod$SqlCommand.<init>(MapperMethod.java:227)
	at com.baomidou.mybatisplus.core.override.MybatisMapperMethod.<init>(MybatisMapperMethod.java:50)
	at com.baomidou.mybatisplus.core.override.MybatisMapperProxy.lambda$cachedMapperMethod$0(MybatisMapperProxy.java:101)
	at java.util.concurrent.ConcurrentHashMap.computeIfAbsent(ConcurrentHashMap.java:1660)
	at com.baomidou.mybatisplus.core.override.MybatisMapperProxy.cachedMapperMethod(MybatisMapperProxy.java:100)
	at com.baomidou.mybatisplus.core.override.MybatisMapperProxy.invoke(MybatisMapperProxy.java:95)
	at com.sun.proxy.$Proxy111.queryById(Unknown Source)
	at org.example.domain.word.service.impl.WordModuleServiceImpl.queryById(WordModuleServiceImpl.java:44)
	at org.example.domain.word.service.impl.WordModuleServiceImpl$$FastClassBySpringCGLIB$$5e47f572.invoke(<generated>)
	at org.springframework.cglib.proxy.MethodProxy.invoke(MethodProxy.java:218)
	at org.springframework.aop.framework.CglibAopProxy.invokeMethod(CglibAopProxy.java:386)
	at org.springframework.aop.framework.CglibAopProxy.access$000(CglibAopProxy.java:85)
	at org.springframework.aop.framework.CglibAopProxy$DynamicAdvisedInterceptor.intercept(CglibAopProxy.java:704)
	at org.example.domain.word.service.impl.WordModuleServiceImpl$$EnhancerBySpringCGLIB$$c989a38.queryById(<generated>)
	at org.example.trigger.http.WordModuleController.queryById(WordModuleController.java:38)
	at sun.reflect.NativeMethodAccessorImpl.invoke0(Native Method)
	at sun.reflect.NativeMethodAccessorImpl.invoke(NativeMethodAccessorImpl.java:62)
	at sun.reflect.DelegatingMethodAccessorImpl.invoke(DelegatingMethodAccessorImpl.java:43)
	at java.lang.reflect.Method.invoke(Method.java:498)
	at org.springframework.web.method.support.InvocableHandlerMethod.doInvoke(InvocableHandlerMethod.java:205)
	at org.springframework.web.method.support.InvocableHandlerMethod.invokeForRequest(InvocableHandlerMethod.java:150)
	at org.springframework.web.servlet.mvc.method.annotation.ServletInvocableHandlerMethod.invokeAndHandle(ServletInvocableHandlerMethod.java:117)
	at org.springframework.web.servlet.mvc.method.annotation.RequestMappingHandlerAdapter.invokeHandlerMethod(RequestMappingHandlerAdapter.java:895)
	at org.springframework.web.servlet.mvc.method.annotation.RequestMappingHandlerAdapter.handleInternal(RequestMappingHandlerAdapter.java:808)
	at org.springframework.web.servlet.mvc.method.AbstractHandlerMethodAdapter.handle(AbstractHandlerMethodAdapter.java:87)
	at org.springframework.web.servlet.DispatcherServlet.doDispatch(DispatcherServlet.java:1072)
	at org.springframework.web.servlet.DispatcherServlet.doService(DispatcherServlet.java:965)
	at org.springframework.web.servlet.FrameworkServlet.processRequest(FrameworkServlet.java:1006)
	at org.springframework.web.servlet.FrameworkServlet.doPost(FrameworkServlet.java:909)
	at javax.servlet.http.HttpServlet.service(HttpServlet.java:555)
	at org.springframework.web.servlet.FrameworkServlet.service(FrameworkServlet.java:883)
	at javax.servlet.http.HttpServlet.service(HttpServlet.java:623)
	at org.apache.catalina.core.ApplicationFilterChain.internalDoFilter(ApplicationFilterChain.java:209)
	at org.apache.catalina.core.ApplicationFilterChain.doFilter(ApplicationFilterChain.java:153)
	at org.apache.tomcat.websocket.server.WsFilter.doFilter(WsFilter.java:51)
	at org.apache.catalina.core.ApplicationFilterChain.internalDoFilter(ApplicationFilterChain.java:178)
	at org.apache.catalina.core.ApplicationFilterChain.doFilter(ApplicationFilterChain.java:153)
	at org.springframework.web.filter.RequestContextFilter.doFilterInternal(RequestContextFilter.java:100)
	at org.springframework.web.filter.OncePerRequestFilter.doFilter(OncePerRequestFilter.java:117)
	at org.apache.catalina.core.ApplicationFilterChain.internalDoFilter(ApplicationFilterChain.java:178)
	at org.apache.catalina.core.ApplicationFilterChain.doFilter(ApplicationFilterChain.java:153)
	at org.springframework.web.filter.FormContentFilter.doFilterInternal(FormContentFilter.java:93)
	at org.springframework.web.filter.OncePerRequestFilter.doFilter(OncePerRequestFilter.java:117)
	at org.apache.catalina.core.ApplicationFilterChain.internalDoFilter(ApplicationFilterChain.java:178)
	at org.apache.catalina.core.ApplicationFilterChain.doFilter(ApplicationFilterChain.java:153)
	at org.springframework.boot.actuate.metrics.web.servlet.WebMvcMetricsFilter.doFilterInternal(WebMvcMetricsFilter.java:96)
	at org.springframework.web.filter.OncePerRequestFilter.doFilter(OncePerRequestFilter.java:117)
	at org.apache.catalina.core.ApplicationFilterChain.internalDoFilter(ApplicationFilterChain.java:178)
	at org.apache.catalina.core.ApplicationFilterChain.doFilter(ApplicationFilterChain.java:153)
	at org.springframework.web.filter.CharacterEncodingFilter.doFilterInternal(CharacterEncodingFilter.java:201)
	at org.springframework.web.filter.OncePerRequestFilter.doFilter(OncePerRequestFilter.java:117)
	at org.apache.catalina.core.ApplicationFilterChain.internalDoFilter(ApplicationFilterChain.java:178)
	at org.apache.catalina.core.ApplicationFilterChain.doFilter(ApplicationFilterChain.java:153)
	at org.apache.catalina.core.StandardWrapperValve.invoke(StandardWrapperValve.java:167)
	at org.apache.catalina.core.StandardContextValve.invoke(StandardContextValve.java:90)
	at org.apache.catalina.authenticator.AuthenticatorBase.invoke(AuthenticatorBase.java:481)
	at org.apache.catalina.core.StandardHostValve.invoke(StandardHostValve.java:130)
	at org.apache.catalina.valves.ErrorReportValve.invoke(ErrorReportValve.java:93)
	at org.apache.catalina.core.StandardEngineValve.invoke(StandardEngineValve.java:74)
	at org.apache.catalina.connector.CoyoteAdapter.service(CoyoteAdapter.java:343)
	at org.apache.coyote.http11.Http11Processor.service(Http11Processor.java:390)
	at org.apache.coyote.AbstractProcessorLight.process(AbstractProcessorLight.java:63)
	at org.apache.coyote.AbstractProtocol$ConnectionHandler.process(AbstractProtocol.java:926)
	at org.apache.tomcat.util.net.NioEndpoint$SocketProcessor.doRun(NioEndpoint.java:1791)
	at org.apache.tomcat.util.net.SocketProcessorBase.run(SocketProcessorBase.java:52)
	at org.apache.tomcat.util.threads.ThreadPoolExecutor.runWorker(ThreadPoolExecutor.java:1191)
	at org.apache.tomcat.util.threads.ThreadPoolExecutor$Worker.run(ThreadPoolExecutor.java:659)
	at org.apache.tomcat.util.threads.TaskThread$WrappingRunnable.run(TaskThread.java:61)
	at java.lang.Thread.run(Thread.java:748)
24-07-12.15:44:10.665 [Thread-33       ] WARN  HttpClientManager      - [HttpClientBeanFactory] Start destroying NacosRestTemplate
24-07-12.15:44:10.668 [Thread-33       ] WARN  HttpClientManager      - [HttpClientBeanFactory] Destruction of the end
24-07-12.15:44:16.822 [main            ] ERROR SpringApplication      - Application run failed
java.lang.IllegalStateException: There's no ApplicationConfig specified.
	at org.apache.dubbo.config.context.ConfigManager.lambda$getApplicationOrElseThrow$0(ConfigManager.java:88)
	at java.util.Optional.orElseThrow(Optional.java:290)
	at org.apache.dubbo.config.context.ConfigManager.getApplicationOrElseThrow(ConfigManager.java:88)
	at org.apache.dubbo.config.AbstractInterfaceConfig.getApplication(AbstractInterfaceConfig.java:479)
	at org.apache.dubbo.config.ServiceConfig.lambda$exported$0(ServiceConfig.java:213)
	at java.util.ArrayList.forEach(ArrayList.java:1257)
	at org.apache.dubbo.config.ServiceConfig.exported(ServiceConfig.java:212)
	at org.apache.dubbo.config.spring.ServiceBean.exported(ServiceBean.java:109)
	at org.apache.dubbo.config.ServiceConfig.export(ServiceConfig.java:207)
	at org.apache.dubbo.config.bootstrap.DubboBootstrap.lambda$exportServices$14(DubboBootstrap.java:1088)
	at java.util.HashMap$Values.forEach(HashMap.java:981)
	at org.apache.dubbo.config.bootstrap.DubboBootstrap.exportServices(DubboBootstrap.java:1075)
	at org.apache.dubbo.config.bootstrap.DubboBootstrap.start(DubboBootstrap.java:889)
	at org.apache.dubbo.config.spring.context.DubboBootstrapApplicationListener.onContextRefreshedEvent(DubboBootstrapApplicationListener.java:69)
	at org.apache.dubbo.config.spring.context.DubboBootstrapApplicationListener.onApplicationContextEvent(DubboBootstrapApplicationListener.java:62)
	at com.alibaba.spring.context.OnceApplicationContextEventListener.onApplicationEvent(OnceApplicationContextEventListener.java:52)
	at org.springframework.context.event.SimpleApplicationEventMulticaster.doInvokeListener(SimpleApplicationEventMulticaster.java:176)
	at org.springframework.context.event.SimpleApplicationEventMulticaster.invokeListener(SimpleApplicationEventMulticaster.java:169)
	at org.springframework.context.event.SimpleApplicationEventMulticaster.multicastEvent(SimpleApplicationEventMulticaster.java:143)
	at org.springframework.context.support.AbstractApplicationContext.publishEvent(AbstractApplicationContext.java:421)
	at org.springframework.context.support.AbstractApplicationContext.publishEvent(AbstractApplicationContext.java:378)
	at org.springframework.context.support.AbstractApplicationContext.finishRefresh(AbstractApplicationContext.java:940)
	at org.springframework.context.support.AbstractApplicationContext.refresh(AbstractApplicationContext.java:586)
	at org.springframework.boot.web.servlet.context.ServletWebServerApplicationContext.refresh(ServletWebServerApplicationContext.java:147)
	at org.springframework.boot.SpringApplication.refresh(SpringApplication.java:731)
	at org.springframework.boot.SpringApplication.refreshContext(SpringApplication.java:408)
	at org.springframework.boot.SpringApplication.run(SpringApplication.java:307)
	at org.springframework.boot.SpringApplication.run(SpringApplication.java:1303)
	at org.springframework.boot.SpringApplication.run(SpringApplication.java:1292)
	at org.example.Application.main(Application.java:14)
24-07-12.15:44:36.689 [main            ] WARN  ClassPathMapperScanner - Skipping MapperFactoryBean with name 'wordModuleDao' and 'org.example.domain.word.repository.WordModuleDao' mapperInterface. Bean already defined with the same name!
24-07-12.15:44:36.689 [main            ] WARN  ClassPathMapperScanner - Skipping MapperFactoryBean with name 'wordModuleFormatDao' and 'org.example.domain.word.repository.WordModuleFormatDao' mapperInterface. Bean already defined with the same name!
24-07-12.15:44:36.689 [main            ] WARN  ClassPathMapperScanner - Skipping MapperFactoryBean with name 'wordModuleMsgDao' and 'org.example.domain.word.repository.WordModuleMsgDao' mapperInterface. Bean already defined with the same name!
24-07-12.15:44:36.689 [main            ] WARN  ClassPathMapperScanner - No MyBatis mapper was found in '[org.example.domain.word.repository]' package. Please check your configuration.
24-07-12.15:53:14.742 [Thread-32       ] WARN  HttpClientManager      - [HttpClientBeanFactory] Start destroying NacosRestTemplate
24-07-12.15:53:14.744 [Thread-32       ] WARN  HttpClientManager      - [HttpClientBeanFactory] Destruction of the end
24-07-12.15:53:27.840 [main            ] WARN  ClassPathMapperScanner - Skipping MapperFactoryBean with name 'wordModuleDao' and 'org.example.domain.word.repository.WordModuleDao' mapperInterface. Bean already defined with the same name!
24-07-12.15:53:27.841 [main            ] WARN  ClassPathMapperScanner - Skipping MapperFactoryBean with name 'wordModuleFormatDao' and 'org.example.domain.word.repository.WordModuleFormatDao' mapperInterface. Bean already defined with the same name!
24-07-12.15:53:27.841 [main            ] WARN  ClassPathMapperScanner - Skipping MapperFactoryBean with name 'wordModuleMsgDao' and 'org.example.domain.word.repository.WordModuleMsgDao' mapperInterface. Bean already defined with the same name!
24-07-12.15:53:27.841 [main            ] WARN  ClassPathMapperScanner - No MyBatis mapper was found in '[org.example.domain.word.repository]' package. Please check your configuration.
24-07-12.15:56:56.330 [Thread-33       ] WARN  HttpClientManager      - [HttpClientBeanFactory] Start destroying NacosRestTemplate
24-07-12.15:56:56.333 [Thread-33       ] WARN  HttpClientManager      - [HttpClientBeanFactory] Destruction of the end
24-07-12.15:57:15.930 [main            ] WARN  ClassPathMapperScanner - Skipping MapperFactoryBean with name 'wordModuleDao' and 'org.example.domain.word.repository.WordModuleDao' mapperInterface. Bean already defined with the same name!
24-07-12.15:57:15.930 [main            ] WARN  ClassPathMapperScanner - Skipping MapperFactoryBean with name 'wordModuleFormatDao' and 'org.example.domain.word.repository.WordModuleFormatDao' mapperInterface. Bean already defined with the same name!
24-07-12.15:57:15.930 [main            ] WARN  ClassPathMapperScanner - Skipping MapperFactoryBean with name 'wordModuleMsgDao' and 'org.example.domain.word.repository.WordModuleMsgDao' mapperInterface. Bean already defined with the same name!
24-07-12.15:57:15.930 [main            ] WARN  ClassPathMapperScanner - No MyBatis mapper was found in '[org.example.domain.word.repository]' package. Please check your configuration.
24-07-12.16:02:48.357 [Thread-32       ] WARN  HttpClientManager      - [HttpClientBeanFactory] Start destroying NacosRestTemplate
24-07-12.16:02:48.362 [Thread-32       ] WARN  HttpClientManager      - [HttpClientBeanFactory] Destruction of the end
24-07-12.16:03:28.907 [main            ] WARN  ClassPathMapperScanner - Skipping MapperFactoryBean with name 'wordModuleDao' and 'org.example.domain.word.repository.WordModuleDao' mapperInterface. Bean already defined with the same name!
24-07-12.16:03:28.907 [main            ] WARN  ClassPathMapperScanner - Skipping MapperFactoryBean with name 'wordModuleFormatDao' and 'org.example.domain.word.repository.WordModuleFormatDao' mapperInterface. Bean already defined with the same name!
24-07-12.16:03:28.907 [main            ] WARN  ClassPathMapperScanner - Skipping MapperFactoryBean with name 'wordModuleMsgDao' and 'org.example.domain.word.repository.WordModuleMsgDao' mapperInterface. Bean already defined with the same name!
24-07-12.16:03:28.907 [main            ] WARN  ClassPathMapperScanner - No MyBatis mapper was found in '[org.example.domain.word.repository]' package. Please check your configuration.
24-07-12.16:07:00.043 [Thread-34       ] WARN  HttpClientManager      - [HttpClientBeanFactory] Start destroying NacosRestTemplate
24-07-12.16:07:00.046 [Thread-34       ] WARN  HttpClientManager      - [HttpClientBeanFactory] Destruction of the end
24-07-12.16:07:08.407 [main            ] WARN  ClassPathMapperScanner - Skipping MapperFactoryBean with name 'wordModuleDao' and 'org.example.domain.word.repository.WordModuleDao' mapperInterface. Bean already defined with the same name!
24-07-12.16:07:08.407 [main            ] WARN  ClassPathMapperScanner - Skipping MapperFactoryBean with name 'wordModuleFormatDao' and 'org.example.domain.word.repository.WordModuleFormatDao' mapperInterface. Bean already defined with the same name!
24-07-12.16:07:08.407 [main            ] WARN  ClassPathMapperScanner - Skipping MapperFactoryBean with name 'wordModuleMsgDao' and 'org.example.domain.word.repository.WordModuleMsgDao' mapperInterface. Bean already defined with the same name!
24-07-12.16:07:08.408 [main            ] WARN  ClassPathMapperScanner - No MyBatis mapper was found in '[org.example.domain.word.repository]' package. Please check your configuration.
24-07-12.16:12:32.010 [Thread-32       ] WARN  HttpClientManager      - [HttpClientBeanFactory] Start destroying NacosRestTemplate
24-07-12.16:12:32.012 [Thread-32       ] WARN  HttpClientManager      - [HttpClientBeanFactory] Destruction of the end
24-07-12.16:12:41.002 [main            ] WARN  ClassPathMapperScanner - Skipping MapperFactoryBean with name 'wordModuleDao' and 'org.example.domain.word.repository.WordModuleDao' mapperInterface. Bean already defined with the same name!
24-07-12.16:12:41.002 [main            ] WARN  ClassPathMapperScanner - Skipping MapperFactoryBean with name 'wordModuleFormatDao' and 'org.example.domain.word.repository.WordModuleFormatDao' mapperInterface. Bean already defined with the same name!
24-07-12.16:12:41.002 [main            ] WARN  ClassPathMapperScanner - Skipping MapperFactoryBean with name 'wordModuleMsgDao' and 'org.example.domain.word.repository.WordModuleMsgDao' mapperInterface. Bean already defined with the same name!
24-07-12.16:12:41.003 [main            ] WARN  ClassPathMapperScanner - No MyBatis mapper was found in '[org.example.domain.word.repository]' package. Please check your configuration.
24-07-12.16:13:20.189 [Thread-33       ] WARN  HttpClientManager      - [HttpClientBeanFactory] Start destroying NacosRestTemplate
24-07-12.16:13:20.191 [Thread-33       ] WARN  HttpClientManager      - [HttpClientBeanFactory] Destruction of the end
24-07-12.16:13:26.318 [main            ] ERROR SpringApplication      - Application run failed
java.lang.IllegalStateException: There's no ApplicationConfig specified.
	at org.apache.dubbo.config.context.ConfigManager.lambda$getApplicationOrElseThrow$0(ConfigManager.java:88)
	at java.util.Optional.orElseThrow(Optional.java:290)
	at org.apache.dubbo.config.context.ConfigManager.getApplicationOrElseThrow(ConfigManager.java:88)
	at org.apache.dubbo.config.AbstractInterfaceConfig.getApplication(AbstractInterfaceConfig.java:479)
	at org.apache.dubbo.config.ServiceConfig.lambda$exported$0(ServiceConfig.java:213)
	at java.util.ArrayList.forEach(ArrayList.java:1257)
	at org.apache.dubbo.config.ServiceConfig.exported(ServiceConfig.java:212)
	at org.apache.dubbo.config.spring.ServiceBean.exported(ServiceBean.java:109)
	at org.apache.dubbo.config.ServiceConfig.export(ServiceConfig.java:207)
	at org.apache.dubbo.config.bootstrap.DubboBootstrap.lambda$exportServices$14(DubboBootstrap.java:1088)
	at java.util.HashMap$Values.forEach(HashMap.java:981)
	at org.apache.dubbo.config.bootstrap.DubboBootstrap.exportServices(DubboBootstrap.java:1075)
	at org.apache.dubbo.config.bootstrap.DubboBootstrap.start(DubboBootstrap.java:889)
	at org.apache.dubbo.config.spring.context.DubboBootstrapApplicationListener.onContextRefreshedEvent(DubboBootstrapApplicationListener.java:69)
	at org.apache.dubbo.config.spring.context.DubboBootstrapApplicationListener.onApplicationContextEvent(DubboBootstrapApplicationListener.java:62)
	at com.alibaba.spring.context.OnceApplicationContextEventListener.onApplicationEvent(OnceApplicationContextEventListener.java:52)
	at org.springframework.context.event.SimpleApplicationEventMulticaster.doInvokeListener(SimpleApplicationEventMulticaster.java:176)
	at org.springframework.context.event.SimpleApplicationEventMulticaster.invokeListener(SimpleApplicationEventMulticaster.java:169)
	at org.springframework.context.event.SimpleApplicationEventMulticaster.multicastEvent(SimpleApplicationEventMulticaster.java:143)
	at org.springframework.context.support.AbstractApplicationContext.publishEvent(AbstractApplicationContext.java:421)
	at org.springframework.context.support.AbstractApplicationContext.publishEvent(AbstractApplicationContext.java:378)
	at org.springframework.context.support.AbstractApplicationContext.finishRefresh(AbstractApplicationContext.java:940)
	at org.springframework.context.support.AbstractApplicationContext.refresh(AbstractApplicationContext.java:586)
	at org.springframework.boot.web.servlet.context.ServletWebServerApplicationContext.refresh(ServletWebServerApplicationContext.java:147)
	at org.springframework.boot.SpringApplication.refresh(SpringApplication.java:731)
	at org.springframework.boot.SpringApplication.refreshContext(SpringApplication.java:408)
	at org.springframework.boot.SpringApplication.run(SpringApplication.java:307)
	at org.springframework.boot.SpringApplication.run(SpringApplication.java:1303)
	at org.springframework.boot.SpringApplication.run(SpringApplication.java:1292)
	at org.example.Application.main(Application.java:14)
24-07-12.16:13:36.347 [main            ] WARN  ClassPathMapperScanner - Skipping MapperFactoryBean with name 'wordModuleDao' and 'org.example.domain.word.repository.WordModuleDao' mapperInterface. Bean already defined with the same name!
24-07-12.16:13:36.348 [main            ] WARN  ClassPathMapperScanner - Skipping MapperFactoryBean with name 'wordModuleFormatDao' and 'org.example.domain.word.repository.WordModuleFormatDao' mapperInterface. Bean already defined with the same name!
24-07-12.16:13:36.348 [main            ] WARN  ClassPathMapperScanner - Skipping MapperFactoryBean with name 'wordModuleMsgDao' and 'org.example.domain.word.repository.WordModuleMsgDao' mapperInterface. Bean already defined with the same name!
24-07-12.16:13:36.348 [main            ] WARN  ClassPathMapperScanner - No MyBatis mapper was found in '[org.example.domain.word.repository]' package. Please check your configuration.
24-07-12.16:15:57.465 [Thread-33       ] WARN  HttpClientManager      - [HttpClientBeanFactory] Start destroying NacosRestTemplate
24-07-12.16:15:57.467 [Thread-33       ] WARN  HttpClientManager      - [HttpClientBeanFactory] Destruction of the end
24-07-12.16:18:23.959 [main            ] WARN  ClassPathMapperScanner - Skipping MapperFactoryBean with name 'wordModuleDao' and 'org.example.domain.word.repository.WordModuleDao' mapperInterface. Bean already defined with the same name!
24-07-12.16:18:23.959 [main            ] WARN  ClassPathMapperScanner - Skipping MapperFactoryBean with name 'wordModuleFormatDao' and 'org.example.domain.word.repository.WordModuleFormatDao' mapperInterface. Bean already defined with the same name!
24-07-12.16:18:23.959 [main            ] WARN  ClassPathMapperScanner - Skipping MapperFactoryBean with name 'wordModuleMsgDao' and 'org.example.domain.word.repository.WordModuleMsgDao' mapperInterface. Bean already defined with the same name!
24-07-12.16:18:23.959 [main            ] WARN  ClassPathMapperScanner - No MyBatis mapper was found in '[org.example.domain.word.repository]' package. Please check your configuration.
24-07-12.16:20:13.431 [Thread-35       ] WARN  HttpClientManager      - [HttpClientBeanFactory] Start destroying NacosRestTemplate
24-07-12.16:20:13.433 [Thread-35       ] WARN  HttpClientManager      - [HttpClientBeanFactory] Destruction of the end
24-07-12.16:20:31.625 [main            ] WARN  ClassPathMapperScanner - Skipping MapperFactoryBean with name 'wordModuleDao' and 'org.example.domain.word.repository.WordModuleDao' mapperInterface. Bean already defined with the same name!
24-07-12.16:20:31.626 [main            ] WARN  ClassPathMapperScanner - Skipping MapperFactoryBean with name 'wordModuleFormatDao' and 'org.example.domain.word.repository.WordModuleFormatDao' mapperInterface. Bean already defined with the same name!
24-07-12.16:20:31.626 [main            ] WARN  ClassPathMapperScanner - Skipping MapperFactoryBean with name 'wordModuleMsgDao' and 'org.example.domain.word.repository.WordModuleMsgDao' mapperInterface. Bean already defined with the same name!
24-07-12.16:20:31.626 [main            ] WARN  ClassPathMapperScanner - No MyBatis mapper was found in '[org.example.domain.word.repository]' package. Please check your configuration.
24-07-12.16:21:23.760 [Thread-33       ] WARN  HttpClientManager      - [HttpClientBeanFactory] Start destroying NacosRestTemplate
24-07-12.16:21:23.766 [Thread-33       ] WARN  HttpClientManager      - [HttpClientBeanFactory] Destruction of the end
24-07-12.16:21:31.113 [main            ] WARN  ClassPathMapperScanner - Skipping MapperFactoryBean with name 'wordModuleDao' and 'org.example.domain.word.repository.WordModuleDao' mapperInterface. Bean already defined with the same name!
24-07-12.16:21:31.113 [main            ] WARN  ClassPathMapperScanner - Skipping MapperFactoryBean with name 'wordModuleFormatDao' and 'org.example.domain.word.repository.WordModuleFormatDao' mapperInterface. Bean already defined with the same name!
24-07-12.16:21:31.113 [main            ] WARN  ClassPathMapperScanner - Skipping MapperFactoryBean with name 'wordModuleMsgDao' and 'org.example.domain.word.repository.WordModuleMsgDao' mapperInterface. Bean already defined with the same name!
24-07-12.16:21:31.114 [main            ] WARN  ClassPathMapperScanner - No MyBatis mapper was found in '[org.example.domain.word.repository]' package. Please check your configuration.
24-07-12.16:23:04.787 [Thread-33       ] WARN  HttpClientManager      - [HttpClientBeanFactory] Start destroying NacosRestTemplate
24-07-12.16:23:04.791 [Thread-33       ] WARN  HttpClientManager      - [HttpClientBeanFactory] Destruction of the end
24-07-12.16:23:30.682 [main            ] WARN  ClassPathMapperScanner - Skipping MapperFactoryBean with name 'wordModuleDao' and 'org.example.domain.word.repository.WordModuleDao' mapperInterface. Bean already defined with the same name!
24-07-12.16:23:30.682 [main            ] WARN  ClassPathMapperScanner - Skipping MapperFactoryBean with name 'wordModuleFormatDao' and 'org.example.domain.word.repository.WordModuleFormatDao' mapperInterface. Bean already defined with the same name!
24-07-12.16:23:30.682 [main            ] WARN  ClassPathMapperScanner - Skipping MapperFactoryBean with name 'wordModuleMsgDao' and 'org.example.domain.word.repository.WordModuleMsgDao' mapperInterface. Bean already defined with the same name!
24-07-12.16:23:30.683 [main            ] WARN  ClassPathMapperScanner - No MyBatis mapper was found in '[org.example.domain.word.repository]' package. Please check your configuration.
24-07-12.16:23:40.563 [http-nio-8091-exec-3] ERROR [dispatcherServlet]    - Servlet.service() for servlet [dispatcherServlet] in context with path [] threw exception [Request processing failed; nested exception is org.apache.ibatis.builder.IncompleteElementException: Could not find result map 'org.example.domain.word.model.entity.WordModuleMsgPo' referenced from 'org.example.domain.word.repository.WordModuleDao.getMsgByModuleId'] with root cause
java.lang.IllegalArgumentException: Result Maps collection does not contain value for org.example.domain.word.model.entity.WordModuleMsgPo
	at org.apache.ibatis.session.Configuration$StrictMap.get(Configuration.java:1031)
	at org.apache.ibatis.session.Configuration.getResultMap(Configuration.java:740)
	at org.apache.ibatis.builder.MapperBuilderAssistant.getStatementResultMaps(MapperBuilderAssistant.java:394)
	at org.apache.ibatis.builder.MapperBuilderAssistant.addMappedStatement(MapperBuilderAssistant.java:285)
	at org.apache.ibatis.builder.xml.XMLStatementBuilder.parseStatementNode(XMLStatementBuilder.java:113)
	at org.apache.ibatis.session.Configuration.lambda$buildAllStatements$2(Configuration.java:882)
	at java.util.Collection.removeIf(Collection.java:414)
	at org.apache.ibatis.session.Configuration.buildAllStatements(Configuration.java:881)
	at org.apache.ibatis.session.Configuration.hasStatement(Configuration.java:858)
	at org.apache.ibatis.session.Configuration.hasStatement(Configuration.java:853)
	at org.apache.ibatis.binding.MapperMethod$SqlCommand.resolveMappedStatement(MapperMethod.java:257)
	at org.apache.ibatis.binding.MapperMethod$SqlCommand.<init>(MapperMethod.java:227)
	at com.baomidou.mybatisplus.core.override.MybatisMapperMethod.<init>(MybatisMapperMethod.java:50)
	at com.baomidou.mybatisplus.core.override.MybatisMapperProxy.lambda$cachedMapperMethod$0(MybatisMapperProxy.java:101)
	at java.util.concurrent.ConcurrentHashMap.computeIfAbsent(ConcurrentHashMap.java:1660)
	at com.baomidou.mybatisplus.core.override.MybatisMapperProxy.cachedMapperMethod(MybatisMapperProxy.java:100)
	at com.baomidou.mybatisplus.core.override.MybatisMapperProxy.invoke(MybatisMapperProxy.java:95)
	at com.sun.proxy.$Proxy111.queryById(Unknown Source)
	at org.example.domain.word.service.impl.WordModuleServiceImpl.queryById(WordModuleServiceImpl.java:44)
	at org.example.domain.word.service.impl.WordModuleServiceImpl$$FastClassBySpringCGLIB$$5e47f572.invoke(<generated>)
	at org.springframework.cglib.proxy.MethodProxy.invoke(MethodProxy.java:218)
	at org.springframework.aop.framework.CglibAopProxy.invokeMethod(CglibAopProxy.java:386)
	at org.springframework.aop.framework.CglibAopProxy.access$000(CglibAopProxy.java:85)
	at org.springframework.aop.framework.CglibAopProxy$DynamicAdvisedInterceptor.intercept(CglibAopProxy.java:704)
	at org.example.domain.word.service.impl.WordModuleServiceImpl$$EnhancerBySpringCGLIB$$c836e6b3.queryById(<generated>)
	at org.example.trigger.http.WordModuleController.queryById(WordModuleController.java:38)
	at sun.reflect.NativeMethodAccessorImpl.invoke0(Native Method)
	at sun.reflect.NativeMethodAccessorImpl.invoke(NativeMethodAccessorImpl.java:62)
	at sun.reflect.DelegatingMethodAccessorImpl.invoke(DelegatingMethodAccessorImpl.java:43)
	at java.lang.reflect.Method.invoke(Method.java:498)
	at org.springframework.web.method.support.InvocableHandlerMethod.doInvoke(InvocableHandlerMethod.java:205)
	at org.springframework.web.method.support.InvocableHandlerMethod.invokeForRequest(InvocableHandlerMethod.java:150)
	at org.springframework.web.servlet.mvc.method.annotation.ServletInvocableHandlerMethod.invokeAndHandle(ServletInvocableHandlerMethod.java:117)
	at org.springframework.web.servlet.mvc.method.annotation.RequestMappingHandlerAdapter.invokeHandlerMethod(RequestMappingHandlerAdapter.java:895)
	at org.springframework.web.servlet.mvc.method.annotation.RequestMappingHandlerAdapter.handleInternal(RequestMappingHandlerAdapter.java:808)
	at org.springframework.web.servlet.mvc.method.AbstractHandlerMethodAdapter.handle(AbstractHandlerMethodAdapter.java:87)
	at org.springframework.web.servlet.DispatcherServlet.doDispatch(DispatcherServlet.java:1072)
	at org.springframework.web.servlet.DispatcherServlet.doService(DispatcherServlet.java:965)
	at org.springframework.web.servlet.FrameworkServlet.processRequest(FrameworkServlet.java:1006)
	at org.springframework.web.servlet.FrameworkServlet.doPost(FrameworkServlet.java:909)
	at javax.servlet.http.HttpServlet.service(HttpServlet.java:555)
	at org.springframework.web.servlet.FrameworkServlet.service(FrameworkServlet.java:883)
	at javax.servlet.http.HttpServlet.service(HttpServlet.java:623)
	at org.apache.catalina.core.ApplicationFilterChain.internalDoFilter(ApplicationFilterChain.java:209)
	at org.apache.catalina.core.ApplicationFilterChain.doFilter(ApplicationFilterChain.java:153)
	at org.apache.tomcat.websocket.server.WsFilter.doFilter(WsFilter.java:51)
	at org.apache.catalina.core.ApplicationFilterChain.internalDoFilter(ApplicationFilterChain.java:178)
	at org.apache.catalina.core.ApplicationFilterChain.doFilter(ApplicationFilterChain.java:153)
	at org.springframework.web.filter.RequestContextFilter.doFilterInternal(RequestContextFilter.java:100)
	at org.springframework.web.filter.OncePerRequestFilter.doFilter(OncePerRequestFilter.java:117)
	at org.apache.catalina.core.ApplicationFilterChain.internalDoFilter(ApplicationFilterChain.java:178)
	at org.apache.catalina.core.ApplicationFilterChain.doFilter(ApplicationFilterChain.java:153)
	at org.springframework.web.filter.FormContentFilter.doFilterInternal(FormContentFilter.java:93)
	at org.springframework.web.filter.OncePerRequestFilter.doFilter(OncePerRequestFilter.java:117)
	at org.apache.catalina.core.ApplicationFilterChain.internalDoFilter(ApplicationFilterChain.java:178)
	at org.apache.catalina.core.ApplicationFilterChain.doFilter(ApplicationFilterChain.java:153)
	at org.springframework.boot.actuate.metrics.web.servlet.WebMvcMetricsFilter.doFilterInternal(WebMvcMetricsFilter.java:96)
	at org.springframework.web.filter.OncePerRequestFilter.doFilter(OncePerRequestFilter.java:117)
	at org.apache.catalina.core.ApplicationFilterChain.internalDoFilter(ApplicationFilterChain.java:178)
	at org.apache.catalina.core.ApplicationFilterChain.doFilter(ApplicationFilterChain.java:153)
	at org.springframework.web.filter.CharacterEncodingFilter.doFilterInternal(CharacterEncodingFilter.java:201)
	at org.springframework.web.filter.OncePerRequestFilter.doFilter(OncePerRequestFilter.java:117)
	at org.apache.catalina.core.ApplicationFilterChain.internalDoFilter(ApplicationFilterChain.java:178)
	at org.apache.catalina.core.ApplicationFilterChain.doFilter(ApplicationFilterChain.java:153)
	at org.apache.catalina.core.StandardWrapperValve.invoke(StandardWrapperValve.java:167)
	at org.apache.catalina.core.StandardContextValve.invoke(StandardContextValve.java:90)
	at org.apache.catalina.authenticator.AuthenticatorBase.invoke(AuthenticatorBase.java:481)
	at org.apache.catalina.core.StandardHostValve.invoke(StandardHostValve.java:130)
	at org.apache.catalina.valves.ErrorReportValve.invoke(ErrorReportValve.java:93)
	at org.apache.catalina.core.StandardEngineValve.invoke(StandardEngineValve.java:74)
	at org.apache.catalina.connector.CoyoteAdapter.service(CoyoteAdapter.java:343)
	at org.apache.coyote.http11.Http11Processor.service(Http11Processor.java:390)
	at org.apache.coyote.AbstractProcessorLight.process(AbstractProcessorLight.java:63)
	at org.apache.coyote.AbstractProtocol$ConnectionHandler.process(AbstractProtocol.java:926)
	at org.apache.tomcat.util.net.NioEndpoint$SocketProcessor.doRun(NioEndpoint.java:1791)
	at org.apache.tomcat.util.net.SocketProcessorBase.run(SocketProcessorBase.java:52)
	at org.apache.tomcat.util.threads.ThreadPoolExecutor.runWorker(ThreadPoolExecutor.java:1191)
	at org.apache.tomcat.util.threads.ThreadPoolExecutor$Worker.run(ThreadPoolExecutor.java:659)
	at org.apache.tomcat.util.threads.TaskThread$WrappingRunnable.run(TaskThread.java:61)
	at java.lang.Thread.run(Thread.java:748)
24-07-12.16:25:54.364 [Thread-32       ] WARN  HttpClientManager      - [HttpClientBeanFactory] Start destroying NacosRestTemplate
24-07-12.16:25:54.367 [Thread-32       ] WARN  HttpClientManager      - [HttpClientBeanFactory] Destruction of the end
24-07-12.16:25:59.931 [main            ] WARN  ClassPathMapperScanner - Skipping MapperFactoryBean with name 'wordModuleDao' and 'org.example.domain.word.repository.WordModuleDao' mapperInterface. Bean already defined with the same name!
24-07-12.16:25:59.931 [main            ] WARN  ClassPathMapperScanner - Skipping MapperFactoryBean with name 'wordModuleFormatDao' and 'org.example.domain.word.repository.WordModuleFormatDao' mapperInterface. Bean already defined with the same name!
24-07-12.16:25:59.931 [main            ] WARN  ClassPathMapperScanner - Skipping MapperFactoryBean with name 'wordModuleMsgDao' and 'org.example.domain.word.repository.WordModuleMsgDao' mapperInterface. Bean already defined with the same name!
24-07-12.16:25:59.931 [main            ] WARN  ClassPathMapperScanner - No MyBatis mapper was found in '[org.example.domain.word.repository]' package. Please check your configuration.
24-07-12.16:29:51.358 [Thread-33       ] WARN  HttpClientManager      - [HttpClientBeanFactory] Start destroying NacosRestTemplate
24-07-12.16:29:51.362 [Thread-33       ] WARN  HttpClientManager      - [HttpClientBeanFactory] Destruction of the end
24-07-12.16:30:01.098 [main            ] WARN  ClassPathMapperScanner - Skipping MapperFactoryBean with name 'wordModuleDao' and 'org.example.domain.word.repository.WordModuleDao' mapperInterface. Bean already defined with the same name!
24-07-12.16:30:01.098 [main            ] WARN  ClassPathMapperScanner - Skipping MapperFactoryBean with name 'wordModuleFormatDao' and 'org.example.domain.word.repository.WordModuleFormatDao' mapperInterface. Bean already defined with the same name!
24-07-12.16:30:01.098 [main            ] WARN  ClassPathMapperScanner - Skipping MapperFactoryBean with name 'wordModuleMsgDao' and 'org.example.domain.word.repository.WordModuleMsgDao' mapperInterface. Bean already defined with the same name!
24-07-12.16:30:01.099 [main            ] WARN  ClassPathMapperScanner - No MyBatis mapper was found in '[org.example.domain.word.repository]' package. Please check your configuration.
24-07-12.16:32:31.251 [Thread-33       ] WARN  HttpClientManager      - [HttpClientBeanFactory] Start destroying NacosRestTemplate
24-07-12.16:32:31.256 [Thread-33       ] WARN  HttpClientManager      - [HttpClientBeanFactory] Destruction of the end
24-07-12.16:32:38.806 [main            ] WARN  ClassPathMapperScanner - Skipping MapperFactoryBean with name 'wordModuleDao' and 'org.example.domain.word.repository.WordModuleDao' mapperInterface. Bean already defined with the same name!
24-07-12.16:32:38.806 [main            ] WARN  ClassPathMapperScanner - Skipping MapperFactoryBean with name 'wordModuleFormatDao' and 'org.example.domain.word.repository.WordModuleFormatDao' mapperInterface. Bean already defined with the same name!
24-07-12.16:32:38.806 [main            ] WARN  ClassPathMapperScanner - Skipping MapperFactoryBean with name 'wordModuleMsgDao' and 'org.example.domain.word.repository.WordModuleMsgDao' mapperInterface. Bean already defined with the same name!
24-07-12.16:32:38.806 [main            ] WARN  ClassPathMapperScanner - No MyBatis mapper was found in '[org.example.domain.word.repository]' package. Please check your configuration.
24-07-12.16:33:29.489 [Thread-33       ] WARN  HttpClientManager      - [HttpClientBeanFactory] Start destroying NacosRestTemplate
24-07-12.16:33:29.492 [Thread-33       ] WARN  HttpClientManager      - [HttpClientBeanFactory] Destruction of the end
24-07-12.16:33:34.075 [main            ] ERROR SpringApplication      - Application run failed
java.lang.IllegalStateException: There's no ApplicationConfig specified.
	at org.apache.dubbo.config.context.ConfigManager.lambda$getApplicationOrElseThrow$0(ConfigManager.java:88)
	at java.util.Optional.orElseThrow(Optional.java:290)
	at org.apache.dubbo.config.context.ConfigManager.getApplicationOrElseThrow(ConfigManager.java:88)
	at org.apache.dubbo.config.AbstractInterfaceConfig.getApplication(AbstractInterfaceConfig.java:479)
	at org.apache.dubbo.config.ServiceConfig.lambda$exported$0(ServiceConfig.java:213)
	at java.util.ArrayList.forEach(ArrayList.java:1257)
	at org.apache.dubbo.config.ServiceConfig.exported(ServiceConfig.java:212)
	at org.apache.dubbo.config.spring.ServiceBean.exported(ServiceBean.java:109)
	at org.apache.dubbo.config.ServiceConfig.export(ServiceConfig.java:207)
	at org.apache.dubbo.config.bootstrap.DubboBootstrap.lambda$exportServices$14(DubboBootstrap.java:1088)
	at java.util.HashMap$Values.forEach(HashMap.java:981)
	at org.apache.dubbo.config.bootstrap.DubboBootstrap.exportServices(DubboBootstrap.java:1075)
	at org.apache.dubbo.config.bootstrap.DubboBootstrap.start(DubboBootstrap.java:889)
	at org.apache.dubbo.config.spring.context.DubboBootstrapApplicationListener.onContextRefreshedEvent(DubboBootstrapApplicationListener.java:69)
	at org.apache.dubbo.config.spring.context.DubboBootstrapApplicationListener.onApplicationContextEvent(DubboBootstrapApplicationListener.java:62)
	at com.alibaba.spring.context.OnceApplicationContextEventListener.onApplicationEvent(OnceApplicationContextEventListener.java:52)
	at org.springframework.context.event.SimpleApplicationEventMulticaster.doInvokeListener(SimpleApplicationEventMulticaster.java:176)
	at org.springframework.context.event.SimpleApplicationEventMulticaster.invokeListener(SimpleApplicationEventMulticaster.java:169)
	at org.springframework.context.event.SimpleApplicationEventMulticaster.multicastEvent(SimpleApplicationEventMulticaster.java:143)
	at org.springframework.context.support.AbstractApplicationContext.publishEvent(AbstractApplicationContext.java:421)
	at org.springframework.context.support.AbstractApplicationContext.publishEvent(AbstractApplicationContext.java:378)
	at org.springframework.context.support.AbstractApplicationContext.finishRefresh(AbstractApplicationContext.java:940)
	at org.springframework.context.support.AbstractApplicationContext.refresh(AbstractApplicationContext.java:586)
	at org.springframework.boot.web.servlet.context.ServletWebServerApplicationContext.refresh(ServletWebServerApplicationContext.java:147)
	at org.springframework.boot.SpringApplication.refresh(SpringApplication.java:731)
	at org.springframework.boot.SpringApplication.refreshContext(SpringApplication.java:408)
	at org.springframework.boot.SpringApplication.run(SpringApplication.java:307)
	at org.springframework.boot.SpringApplication.run(SpringApplication.java:1303)
	at org.springframework.boot.SpringApplication.run(SpringApplication.java:1292)
	at org.example.Application.main(Application.java:14)
24-07-12.16:33:42.816 [main            ] WARN  ClassPathMapperScanner - Skipping MapperFactoryBean with name 'wordModuleDao' and 'org.example.domain.word.repository.WordModuleDao' mapperInterface. Bean already defined with the same name!
24-07-12.16:33:42.817 [main            ] WARN  ClassPathMapperScanner - Skipping MapperFactoryBean with name 'wordModuleFormatDao' and 'org.example.domain.word.repository.WordModuleFormatDao' mapperInterface. Bean already defined with the same name!
24-07-12.16:33:42.817 [main            ] WARN  ClassPathMapperScanner - Skipping MapperFactoryBean with name 'wordModuleMsgDao' and 'org.example.domain.word.repository.WordModuleMsgDao' mapperInterface. Bean already defined with the same name!
24-07-12.16:33:42.817 [main            ] WARN  ClassPathMapperScanner - No MyBatis mapper was found in '[org.example.domain.word.repository]' package. Please check your configuration.
24-07-12.16:35:37.341 [Thread-32       ] WARN  HttpClientManager      - [HttpClientBeanFactory] Start destroying NacosRestTemplate
24-07-12.16:35:37.346 [Thread-32       ] WARN  HttpClientManager      - [HttpClientBeanFactory] Destruction of the end
24-07-12.16:35:59.719 [main            ] WARN  ClassPathMapperScanner - Skipping MapperFactoryBean with name 'wordModuleDao' and 'org.example.domain.word.repository.WordModuleDao' mapperInterface. Bean already defined with the same name!
24-07-12.16:35:59.719 [main            ] WARN  ClassPathMapperScanner - Skipping MapperFactoryBean with name 'wordModuleFormatDao' and 'org.example.domain.word.repository.WordModuleFormatDao' mapperInterface. Bean already defined with the same name!
24-07-12.16:35:59.719 [main            ] WARN  ClassPathMapperScanner - Skipping MapperFactoryBean with name 'wordModuleMsgDao' and 'org.example.domain.word.repository.WordModuleMsgDao' mapperInterface. Bean already defined with the same name!
24-07-12.16:35:59.719 [main            ] WARN  ClassPathMapperScanner - No MyBatis mapper was found in '[org.example.domain.word.repository]' package. Please check your configuration.
24-07-12.16:37:20.493 [Thread-34       ] WARN  HttpClientManager      - [HttpClientBeanFactory] Start destroying NacosRestTemplate
24-07-12.16:37:20.498 [Thread-34       ] WARN  HttpClientManager      - [HttpClientBeanFactory] Destruction of the end
24-07-12.16:37:29.252 [main            ] WARN  ClassPathMapperScanner - Skipping MapperFactoryBean with name 'wordModuleDao' and 'org.example.domain.word.repository.WordModuleDao' mapperInterface. Bean already defined with the same name!
24-07-12.16:37:29.252 [main            ] WARN  ClassPathMapperScanner - Skipping MapperFactoryBean with name 'wordModuleFormatDao' and 'org.example.domain.word.repository.WordModuleFormatDao' mapperInterface. Bean already defined with the same name!
24-07-12.16:37:29.252 [main            ] WARN  ClassPathMapperScanner - Skipping MapperFactoryBean with name 'wordModuleMsgDao' and 'org.example.domain.word.repository.WordModuleMsgDao' mapperInterface. Bean already defined with the same name!
24-07-12.16:37:29.253 [main            ] WARN  ClassPathMapperScanner - No MyBatis mapper was found in '[org.example.domain.word.repository]' package. Please check your configuration.
24-07-12.16:43:50.312 [Thread-33       ] WARN  HttpClientManager      - [HttpClientBeanFactory] Start destroying NacosRestTemplate
24-07-12.16:43:50.315 [Thread-33       ] WARN  HttpClientManager      - [HttpClientBeanFactory] Destruction of the end
24-07-12.16:44:16.216 [main            ] WARN  ClassPathMapperScanner - Skipping MapperFactoryBean with name 'wordModuleDao' and 'org.example.domain.word.repository.WordModuleDao' mapperInterface. Bean already defined with the same name!
24-07-12.16:44:16.216 [main            ] WARN  ClassPathMapperScanner - Skipping MapperFactoryBean with name 'wordModuleFormatDao' and 'org.example.domain.word.repository.WordModuleFormatDao' mapperInterface. Bean already defined with the same name!
24-07-12.16:44:16.216 [main            ] WARN  ClassPathMapperScanner - Skipping MapperFactoryBean with name 'wordModuleMsgDao' and 'org.example.domain.word.repository.WordModuleMsgDao' mapperInterface. Bean already defined with the same name!
24-07-12.16:44:16.216 [main            ] WARN  ClassPathMapperScanner - No MyBatis mapper was found in '[org.example.domain.word.repository]' package. Please check your configuration.
